[0.665s] Invoking command in '/Users/lenin.chavez/Documents/deep/DABOT_PROJECT/depth_estimation': PYTHONPATH=/Users/lenin.chavez/Documents/deep/DABOT_PROJECT/build/depth_estimation/prefix_override:/opt/homebrew/Caskroom/miniforge/base/envs/ros_env/lib/python3.11/site-packages/colcon_core/task/python/colcon_distutils_commands:/Users/lenin.chavez/Documents/deep/DABOT_PROJECT/install/depth_estimation/lib/python3.11/site-packages:${PYTHONPATH} SHLVL=3 _=/usr/bin/env /opt/homebrew/Caskroom/miniforge/base/envs/ros_env/bin/python3.11 -W ignore:setup.py install is deprecated setup.py egg_info --egg-base ../build/depth_estimation build --build-base /Users/lenin.chavez/Documents/deep/DABOT_PROJECT/build/depth_estimation/build install --record /Users/lenin.chavez/Documents/deep/DABOT_PROJECT/build/depth_estimation/install.log --single-version-externally-managed install_data
[0.885s] running egg_info
[0.896s] writing ../build/depth_estimation/depth_estimation.egg-info/PKG-INFO
[0.896s] writing dependency_links to ../build/depth_estimation/depth_estimation.egg-info/dependency_links.txt
[0.897s] writing entry points to ../build/depth_estimation/depth_estimation.egg-info/entry_points.txt
[0.897s] writing requirements to ../build/depth_estimation/depth_estimation.egg-info/requires.txt
[0.897s] writing top-level names to ../build/depth_estimation/depth_estimation.egg-info/top_level.txt
[0.923s] reading manifest file '../build/depth_estimation/depth_estimation.egg-info/SOURCES.txt'
[0.924s] writing manifest file '../build/depth_estimation/depth_estimation.egg-info/SOURCES.txt'
[0.924s] running build
[0.924s] running build_py
[0.924s] copying depth_estimation/__init__.py -> /Users/lenin.chavez/Documents/deep/DABOT_PROJECT/build/depth_estimation/build/lib/depth_estimation
[0.924s] copying depth_estimation/bot_image.py -> /Users/lenin.chavez/Documents/deep/DABOT_PROJECT/build/depth_estimation/build/lib/depth_estimation
[0.925s] copying depth_estimation/depth_node.py -> /Users/lenin.chavez/Documents/deep/DABOT_PROJECT/build/depth_estimation/build/lib/depth_estimation
[0.925s] copying depth_estimation/depth_nav.py -> /Users/lenin.chavez/Documents/deep/DABOT_PROJECT/build/depth_estimation/build/lib/depth_estimation
[0.926s] running install
[0.930s] running install_lib
[0.943s] copying /Users/lenin.chavez/Documents/deep/DABOT_PROJECT/build/depth_estimation/build/lib/depth_estimation/depth_nav.py -> /Users/lenin.chavez/Documents/deep/DABOT_PROJECT/install/depth_estimation/lib/python3.11/site-packages/depth_estimation
[0.943s] byte-compiling /Users/lenin.chavez/Documents/deep/DABOT_PROJECT/install/depth_estimation/lib/python3.11/site-packages/depth_estimation/depth_nav.py to depth_nav.cpython-311.pyc
[0.945s] running install_data
[0.945s] copying resource/depth_estimation -> /Users/lenin.chavez/Documents/deep/DABOT_PROJECT/install/depth_estimation/share/ament_index/resource_index/packages
[0.945s] copying package.xml -> /Users/lenin.chavez/Documents/deep/DABOT_PROJECT/install/depth_estimation/share/depth_estimation
[0.945s] running install_egg_info
[0.959s] removing '/Users/lenin.chavez/Documents/deep/DABOT_PROJECT/install/depth_estimation/lib/python3.11/site-packages/depth_estimation-0.0.0-py3.11.egg-info' (and everything under it)
[0.960s] Copying ../build/depth_estimation/depth_estimation.egg-info to /Users/lenin.chavez/Documents/deep/DABOT_PROJECT/install/depth_estimation/lib/python3.11/site-packages/depth_estimation-0.0.0-py3.11.egg-info
[0.962s] running install_scripts
[1.051s] Installing depth_node script to /Users/lenin.chavez/Documents/deep/DABOT_PROJECT/install/depth_estimation/lib/depth_estimation
[1.051s] Installing image_node script to /Users/lenin.chavez/Documents/deep/DABOT_PROJECT/install/depth_estimation/lib/depth_estimation
[1.051s] Installing nav_node script to /Users/lenin.chavez/Documents/deep/DABOT_PROJECT/install/depth_estimation/lib/depth_estimation
[1.052s] writing list of installed files to '/Users/lenin.chavez/Documents/deep/DABOT_PROJECT/build/depth_estimation/install.log'
[1.073s] Invoked command in '/Users/lenin.chavez/Documents/deep/DABOT_PROJECT/depth_estimation' returned '0': PYTHONPATH=/Users/lenin.chavez/Documents/deep/DABOT_PROJECT/build/depth_estimation/prefix_override:/opt/homebrew/Caskroom/miniforge/base/envs/ros_env/lib/python3.11/site-packages/colcon_core/task/python/colcon_distutils_commands:/Users/lenin.chavez/Documents/deep/DABOT_PROJECT/install/depth_estimation/lib/python3.11/site-packages:${PYTHONPATH} SHLVL=3 _=/usr/bin/env /opt/homebrew/Caskroom/miniforge/base/envs/ros_env/bin/python3.11 -W ignore:setup.py install is deprecated setup.py egg_info --egg-base ../build/depth_estimation build --build-base /Users/lenin.chavez/Documents/deep/DABOT_PROJECT/build/depth_estimation/build install --record /Users/lenin.chavez/Documents/deep/DABOT_PROJECT/build/depth_estimation/install.log --single-version-externally-managed install_data
