[0.628s] Invoking command in '/Users/lenin.chavez/Documents/deep/DABOT_PROJECT/depth_estimation': PYTHONPATH=/Users/lenin.chavez/Documents/deep/DABOT_PROJECT/build/depth_estimation/prefix_override:/opt/homebrew/Caskroom/miniforge/base/envs/ros_env/lib/python3.11/site-packages/colcon_core/task/python/colcon_distutils_commands:/Users/lenin.chavez/Documents/deep/DABOT_PROJECT/install/depth_estimation/lib/python3.11/site-packages:${PYTHONPATH} SHLVL=2 _=/usr/bin/env /opt/homebrew/Caskroom/miniforge/base/envs/ros_env/bin/python3.11 -W ignore:setup.py install is deprecated setup.py egg_info --egg-base ../build/depth_estimation build --build-base /Users/lenin.chavez/Documents/deep/DABOT_PROJECT/build/depth_estimation/build install --record /Users/lenin.chavez/Documents/deep/DABOT_PROJECT/build/depth_estimation/install.log --single-version-externally-managed install_data
[0.837s] running egg_info
[0.849s] writing ../build/depth_estimation/depth_estimation.egg-info/PKG-INFO
[0.849s] writing dependency_links to ../build/depth_estimation/depth_estimation.egg-info/dependency_links.txt
[0.850s] writing entry points to ../build/depth_estimation/depth_estimation.egg-info/entry_points.txt
[0.850s] writing requirements to ../build/depth_estimation/depth_estimation.egg-info/requires.txt
[0.850s] writing top-level names to ../build/depth_estimation/depth_estimation.egg-info/top_level.txt
[0.874s] reading manifest file '../build/depth_estimation/depth_estimation.egg-info/SOURCES.txt'
[0.875s] writing manifest file '../build/depth_estimation/depth_estimation.egg-info/SOURCES.txt'
[0.875s] running build
[0.876s] running build_py
[0.876s] copying depth_estimation/__init__.py -> /Users/lenin.chavez/Documents/deep/DABOT_PROJECT/build/depth_estimation/build/lib/depth_estimation
[0.876s] copying depth_estimation/bot_image.py -> /Users/lenin.chavez/Documents/deep/DABOT_PROJECT/build/depth_estimation/build/lib/depth_estimation
[0.877s] copying depth_estimation/depth_node.py -> /Users/lenin.chavez/Documents/deep/DABOT_PROJECT/build/depth_estimation/build/lib/depth_estimation
[0.877s] copying depth_estimation/depth_nav.py -> /Users/lenin.chavez/Documents/deep/DABOT_PROJECT/build/depth_estimation/build/lib/depth_estimation
[0.878s] running install
[0.882s] running install_lib
[0.895s] copying /Users/lenin.chavez/Documents/deep/DABOT_PROJECT/build/depth_estimation/build/lib/depth_estimation/depth_nav.py -> /Users/lenin.chavez/Documents/deep/DABOT_PROJECT/install/depth_estimation/lib/python3.11/site-packages/depth_estimation
[0.896s] byte-compiling /Users/lenin.chavez/Documents/deep/DABOT_PROJECT/install/depth_estimation/lib/python3.11/site-packages/depth_estimation/depth_nav.py to depth_nav.cpython-311.pyc
[0.897s] running install_data
[0.897s] copying resource/depth_estimation -> /Users/lenin.chavez/Documents/deep/DABOT_PROJECT/install/depth_estimation/share/ament_index/resource_index/packages
[0.898s] copying package.xml -> /Users/lenin.chavez/Documents/deep/DABOT_PROJECT/install/depth_estimation/share/depth_estimation
[0.898s] running install_egg_info
[0.910s] removing '/Users/lenin.chavez/Documents/deep/DABOT_PROJECT/install/depth_estimation/lib/python3.11/site-packages/depth_estimation-0.0.0-py3.11.egg-info' (and everything under it)
[0.911s] Copying ../build/depth_estimation/depth_estimation.egg-info to /Users/lenin.chavez/Documents/deep/DABOT_PROJECT/install/depth_estimation/lib/python3.11/site-packages/depth_estimation-0.0.0-py3.11.egg-info
[0.913s] running install_scripts
[0.998s] Installing depth_node script to /Users/lenin.chavez/Documents/deep/DABOT_PROJECT/install/depth_estimation/lib/depth_estimation
[0.998s] Installing image_node script to /Users/lenin.chavez/Documents/deep/DABOT_PROJECT/install/depth_estimation/lib/depth_estimation
[0.998s] Installing nav_node script to /Users/lenin.chavez/Documents/deep/DABOT_PROJECT/install/depth_estimation/lib/depth_estimation
[0.998s] writing list of installed files to '/Users/lenin.chavez/Documents/deep/DABOT_PROJECT/build/depth_estimation/install.log'
[1.017s] Invoked command in '/Users/lenin.chavez/Documents/deep/DABOT_PROJECT/depth_estimation' returned '0': PYTHONPATH=/Users/lenin.chavez/Documents/deep/DABOT_PROJECT/build/depth_estimation/prefix_override:/opt/homebrew/Caskroom/miniforge/base/envs/ros_env/lib/python3.11/site-packages/colcon_core/task/python/colcon_distutils_commands:/Users/lenin.chavez/Documents/deep/DABOT_PROJECT/install/depth_estimation/lib/python3.11/site-packages:${PYTHONPATH} SHLVL=2 _=/usr/bin/env /opt/homebrew/Caskroom/miniforge/base/envs/ros_env/bin/python3.11 -W ignore:setup.py install is deprecated setup.py egg_info --egg-base ../build/depth_estimation build --build-base /Users/lenin.chavez/Documents/deep/DABOT_PROJECT/build/depth_estimation/build install --record /Users/lenin.chavez/Documents/deep/DABOT_PROJECT/build/depth_estimation/install.log --single-version-externally-managed install_data
