[0.615s] Invoking command in '/Users/lenin.chavez/Documents/deep/DABOT_PROJECT/depth_estimation': PYTHONPATH=/Users/lenin.chavez/Documents/deep/DABOT_PROJECT/build/depth_estimation/prefix_override:/opt/homebrew/Caskroom/miniforge/base/envs/ros_env/lib/python3.11/site-packages/colcon_core/task/python/colcon_distutils_commands:/Users/lenin.chavez/Documents/deep/DABOT_PROJECT/install/depth_estimation/lib/python3.11/site-packages:${PYTHONPATH} SHLVL=2 _=/usr/bin/env /opt/homebrew/Caskroom/miniforge/base/envs/ros_env/bin/python3.11 -W ignore:setup.py install is deprecated setup.py egg_info --egg-base ../build/depth_estimation build --build-base /Users/lenin.chavez/Documents/deep/DABOT_PROJECT/build/depth_estimation/build install --record /Users/lenin.chavez/Documents/deep/DABOT_PROJECT/build/depth_estimation/install.log --single-version-externally-managed install_data
[0.823s] running egg_info
[0.834s] writing ../build/depth_estimation/depth_estimation.egg-info/PKG-INFO
[0.834s] writing dependency_links to ../build/depth_estimation/depth_estimation.egg-info/dependency_links.txt
[0.835s] writing entry points to ../build/depth_estimation/depth_estimation.egg-info/entry_points.txt
[0.835s] writing requirements to ../build/depth_estimation/depth_estimation.egg-info/requires.txt
[0.835s] writing top-level names to ../build/depth_estimation/depth_estimation.egg-info/top_level.txt
[0.859s] reading manifest file '../build/depth_estimation/depth_estimation.egg-info/SOURCES.txt'
[0.859s] writing manifest file '../build/depth_estimation/depth_estimation.egg-info/SOURCES.txt'
[0.860s] running build
[0.860s] running build_py
[0.860s] copying depth_estimation/__init__.py -> /Users/lenin.chavez/Documents/deep/DABOT_PROJECT/build/depth_estimation/build/lib/depth_estimation
[0.860s] copying depth_estimation/bot_image.py -> /Users/lenin.chavez/Documents/deep/DABOT_PROJECT/build/depth_estimation/build/lib/depth_estimation
[0.861s] copying depth_estimation/depth_node.py -> /Users/lenin.chavez/Documents/deep/DABOT_PROJECT/build/depth_estimation/build/lib/depth_estimation
[0.861s] copying depth_estimation/depth_nav.py -> /Users/lenin.chavez/Documents/deep/DABOT_PROJECT/build/depth_estimation/build/lib/depth_estimation
[0.862s] running install
[0.866s] running install_lib
[0.878s] copying /Users/lenin.chavez/Documents/deep/DABOT_PROJECT/build/depth_estimation/build/lib/depth_estimation/depth_nav.py -> /Users/lenin.chavez/Documents/deep/DABOT_PROJECT/install/depth_estimation/lib/python3.11/site-packages/depth_estimation
[0.878s] byte-compiling /Users/lenin.chavez/Documents/deep/DABOT_PROJECT/install/depth_estimation/lib/python3.11/site-packages/depth_estimation/depth_nav.py to depth_nav.cpython-311.pyc
[0.880s] running install_data
[0.880s] copying resource/depth_estimation -> /Users/lenin.chavez/Documents/deep/DABOT_PROJECT/install/depth_estimation/share/ament_index/resource_index/packages
[0.880s] copying package.xml -> /Users/lenin.chavez/Documents/deep/DABOT_PROJECT/install/depth_estimation/share/depth_estimation
[0.880s] running install_egg_info
[0.893s] removing '/Users/lenin.chavez/Documents/deep/DABOT_PROJECT/install/depth_estimation/lib/python3.11/site-packages/depth_estimation-0.0.0-py3.11.egg-info' (and everything under it)
[0.893s] Copying ../build/depth_estimation/depth_estimation.egg-info to /Users/lenin.chavez/Documents/deep/DABOT_PROJECT/install/depth_estimation/lib/python3.11/site-packages/depth_estimation-0.0.0-py3.11.egg-info
[0.896s] running install_scripts
[0.979s] Installing depth_node script to /Users/lenin.chavez/Documents/deep/DABOT_PROJECT/install/depth_estimation/lib/depth_estimation
[0.980s] Installing image_node script to /Users/lenin.chavez/Documents/deep/DABOT_PROJECT/install/depth_estimation/lib/depth_estimation
[0.980s] Installing nav_node script to /Users/lenin.chavez/Documents/deep/DABOT_PROJECT/install/depth_estimation/lib/depth_estimation
[0.980s] writing list of installed files to '/Users/lenin.chavez/Documents/deep/DABOT_PROJECT/build/depth_estimation/install.log'
[1.001s] Invoked command in '/Users/lenin.chavez/Documents/deep/DABOT_PROJECT/depth_estimation' returned '0': PYTHONPATH=/Users/lenin.chavez/Documents/deep/DABOT_PROJECT/build/depth_estimation/prefix_override:/opt/homebrew/Caskroom/miniforge/base/envs/ros_env/lib/python3.11/site-packages/colcon_core/task/python/colcon_distutils_commands:/Users/lenin.chavez/Documents/deep/DABOT_PROJECT/install/depth_estimation/lib/python3.11/site-packages:${PYTHONPATH} SHLVL=2 _=/usr/bin/env /opt/homebrew/Caskroom/miniforge/base/envs/ros_env/bin/python3.11 -W ignore:setup.py install is deprecated setup.py egg_info --egg-base ../build/depth_estimation build --build-base /Users/lenin.chavez/Documents/deep/DABOT_PROJECT/build/depth_estimation/build install --record /Users/lenin.chavez/Documents/deep/DABOT_PROJECT/build/depth_estimation/install.log --single-version-externally-managed install_data
