/opt/homebrew/Caskroom/miniforge/base/envs/ros_env/lib/python3.11/site-packages/setuptools/_distutils/dist.py:261: UserWarning: Unknown distribution option: 'tests_require'
  warnings.warn(msg)
running egg_info
creating ../build/depth_estimation/depth_estimation.egg-info
writing ../build/depth_estimation/depth_estimation.egg-info/PKG-INFO
writing dependency_links to ../build/depth_estimation/depth_estimation.egg-info/dependency_links.txt
writing requirements to ../build/depth_estimation/depth_estimation.egg-info/requires.txt
writing top-level names to ../build/depth_estimation/depth_estimation.egg-info/top_level.txt
writing manifest file '../build/depth_estimation/depth_estimation.egg-info/SOURCES.txt'
reading manifest file '../build/depth_estimation/depth_estimation.egg-info/SOURCES.txt'
writing manifest file '../build/depth_estimation/depth_estimation.egg-info/SOURCES.txt'
running build
running build_py
creating /Users/lenin.chavez/Documents/deep/DABOT_PROJECT/build/depth_estimation/build/lib/depth_estimation
copying depth_estimation/__init__.py -> /Users/lenin.chavez/Documents/deep/DABOT_PROJECT/build/depth_estimation/build/lib/depth_estimation
running install
running install_lib
creating /Users/lenin.chavez/Documents/deep/DABOT_PROJECT/install/depth_estimation/lib/python3.11/site-packages/depth_estimation
copying /Users/lenin.chavez/Documents/deep/DABOT_PROJECT/build/depth_estimation/build/lib/depth_estimation/__init__.py -> /Users/lenin.chavez/Documents/deep/DABOT_PROJECT/install/depth_estimation/lib/python3.11/site-packages/depth_estimation
byte-compiling /Users/lenin.chavez/Documents/deep/DABOT_PROJECT/install/depth_estimation/lib/python3.11/site-packages/depth_estimation/__init__.py to __init__.cpython-311.pyc
running install_data
creating /Users/lenin.chavez/Documents/deep/DABOT_PROJECT/install/depth_estimation/share/ament_index/resource_index/packages
copying resource/depth_estimation -> /Users/lenin.chavez/Documents/deep/DABOT_PROJECT/install/depth_estimation/share/ament_index/resource_index/packages
copying package.xml -> /Users/lenin.chavez/Documents/deep/DABOT_PROJECT/install/depth_estimation/share/depth_estimation
running install_egg_info
Copying ../build/depth_estimation/depth_estimation.egg-info to /Users/lenin.chavez/Documents/deep/DABOT_PROJECT/install/depth_estimation/lib/python3.11/site-packages/depth_estimation-0.0.0-py3.11.egg-info
running install_scripts
writing list of installed files to '/Users/lenin.chavez/Documents/deep/DABOT_PROJECT/build/depth_estimation/install.log'
