[0.508s] Invoking command in '/Users/lenin.chavez/Documents/deep/DABOT_PROJECT/depth_estimation': PYTHONPATH=/Users/lenin.chavez/Documents/deep/DABOT_PROJECT/build/depth_estimation/prefix_override:/opt/homebrew/Caskroom/miniforge/base/envs/ros_env/lib/python3.11/site-packages/colcon_core/task/python/colcon_distutils_commands:/Users/lenin.chavez/Documents/deep/DABOT_PROJECT/install/depth_estimation/lib/python3.11/site-packages:${PYTHONPATH} SHLVL=4 _=/usr/bin/env /opt/homebrew/Caskroom/miniforge/base/envs/ros_env/bin/python3.11 -W ignore:setup.py install is deprecated setup.py egg_info --egg-base ../build/depth_estimation build --build-base /Users/lenin.chavez/Documents/deep/DABOT_PROJECT/build/depth_estimation/build install --record /Users/lenin.chavez/Documents/deep/DABOT_PROJECT/build/depth_estimation/install.log --single-version-externally-managed install_data
[0.621s] /opt/homebrew/Caskroom/miniforge/base/envs/ros_env/lib/python3.11/site-packages/setuptools/_distutils/dist.py:261: UserWarning: Unknown distribution option: 'tests_require'
[0.621s]   warnings.warn(msg)
[0.677s] running egg_info
[0.686s] creating ../build/depth_estimation/depth_estimation.egg-info
[0.686s] writing ../build/depth_estimation/depth_estimation.egg-info/PKG-INFO
[0.686s] writing dependency_links to ../build/depth_estimation/depth_estimation.egg-info/dependency_links.txt
[0.687s] writing requirements to ../build/depth_estimation/depth_estimation.egg-info/requires.txt
[0.687s] writing top-level names to ../build/depth_estimation/depth_estimation.egg-info/top_level.txt
[0.687s] writing manifest file '../build/depth_estimation/depth_estimation.egg-info/SOURCES.txt'
[0.705s] reading manifest file '../build/depth_estimation/depth_estimation.egg-info/SOURCES.txt'
[0.705s] writing manifest file '../build/depth_estimation/depth_estimation.egg-info/SOURCES.txt'
[0.706s] running build
[0.706s] running build_py
[0.706s] creating /Users/lenin.chavez/Documents/deep/DABOT_PROJECT/build/depth_estimation/build/lib/depth_estimation
[0.706s] copying depth_estimation/__init__.py -> /Users/lenin.chavez/Documents/deep/DABOT_PROJECT/build/depth_estimation/build/lib/depth_estimation
[0.706s] running install
[0.710s] running install_lib
[0.719s] creating /Users/lenin.chavez/Documents/deep/DABOT_PROJECT/install/depth_estimation/lib/python3.11/site-packages/depth_estimation
[0.719s] copying /Users/lenin.chavez/Documents/deep/DABOT_PROJECT/build/depth_estimation/build/lib/depth_estimation/__init__.py -> /Users/lenin.chavez/Documents/deep/DABOT_PROJECT/install/depth_estimation/lib/python3.11/site-packages/depth_estimation
[0.720s] byte-compiling /Users/lenin.chavez/Documents/deep/DABOT_PROJECT/install/depth_estimation/lib/python3.11/site-packages/depth_estimation/__init__.py to __init__.cpython-311.pyc
[0.720s] running install_data
[0.720s] creating /Users/lenin.chavez/Documents/deep/DABOT_PROJECT/install/depth_estimation/share/ament_index/resource_index/packages
[0.720s] copying resource/depth_estimation -> /Users/lenin.chavez/Documents/deep/DABOT_PROJECT/install/depth_estimation/share/ament_index/resource_index/packages
[0.721s] copying package.xml -> /Users/lenin.chavez/Documents/deep/DABOT_PROJECT/install/depth_estimation/share/depth_estimation
[0.721s] running install_egg_info
[0.731s] Copying ../build/depth_estimation/depth_estimation.egg-info to /Users/lenin.chavez/Documents/deep/DABOT_PROJECT/install/depth_estimation/lib/python3.11/site-packages/depth_estimation-0.0.0-py3.11.egg-info
[0.732s] running install_scripts
[0.799s] writing list of installed files to '/Users/lenin.chavez/Documents/deep/DABOT_PROJECT/build/depth_estimation/install.log'
[0.818s] Invoked command in '/Users/lenin.chavez/Documents/deep/DABOT_PROJECT/depth_estimation' returned '0': PYTHONPATH=/Users/lenin.chavez/Documents/deep/DABOT_PROJECT/build/depth_estimation/prefix_override:/opt/homebrew/Caskroom/miniforge/base/envs/ros_env/lib/python3.11/site-packages/colcon_core/task/python/colcon_distutils_commands:/Users/lenin.chavez/Documents/deep/DABOT_PROJECT/install/depth_estimation/lib/python3.11/site-packages:${PYTHONPATH} SHLVL=4 _=/usr/bin/env /opt/homebrew/Caskroom/miniforge/base/envs/ros_env/bin/python3.11 -W ignore:setup.py install is deprecated setup.py egg_info --egg-base ../build/depth_estimation build --build-base /Users/lenin.chavez/Documents/deep/DABOT_PROJECT/build/depth_estimation/build install --record /Users/lenin.chavez/Documents/deep/DABOT_PROJECT/build/depth_estimation/install.log --single-version-externally-managed install_data
