running egg_info
writing ../build/depth_estimation/depth_estimation.egg-info/PKG-INFO
writing dependency_links to ../build/depth_estimation/depth_estimation.egg-info/dependency_links.txt
writing requirements to ../build/depth_estimation/depth_estimation.egg-info/requires.txt
writing top-level names to ../build/depth_estimation/depth_estimation.egg-info/top_level.txt
reading manifest file '../build/depth_estimation/depth_estimation.egg-info/SOURCES.txt'
writing manifest file '../build/depth_estimation/depth_estimation.egg-info/SOURCES.txt'
running build
running build_py
copying depth_estimation/__init__.py -> /Users/lenin.chavez/Documents/deep/DABOT_PROJECT/build/depth_estimation/build/lib/depth_estimation
running install
running install_lib
running install_data
copying resource/depth_estimation -> /Users/lenin.chavez/Documents/deep/DABOT_PROJECT/install/depth_estimation/share/ament_index/resource_index/packages
copying package.xml -> /Users/lenin.chavez/Documents/deep/DABOT_PROJECT/install/depth_estimation/share/depth_estimation
running install_egg_info
removing '/Users/lenin.chavez/Documents/deep/DABOT_PROJECT/install/depth_estimation/lib/python3.11/site-packages/depth_estimation-0.0.0-py3.11.egg-info' (and everything under it)
Copying ../build/depth_estimation/depth_estimation.egg-info to /Users/lenin.chavez/Documents/deep/DABOT_PROJECT/install/depth_estimation/lib/python3.11/site-packages/depth_estimation-0.0.0-py3.11.egg-info
running install_scripts
writing list of installed files to '/Users/lenin.chavez/Documents/deep/DABOT_PROJECT/build/depth_estimation/install.log'
